0 info it worked if it ends with ok
1 verbose cli [ '/usr/bin/node',
1 verbose cli   '/usr/bin/npm',
1 verbose cli   'install',
1 verbose cli   '/var/www/html/moodle35/blocks/edwiser_server_monitor/',
1 verbose cli   'chart.js' ]
2 info using npm@3.5.2
3 info using node@v8.10.0
4 silly loadCurrentTree Starting
5 silly install loadCurrentTree
6 silly install readLocalPackageData
7 silly fetchPackageMetaData /var/www/html/moodle35/blocks/edwiser_server_monitor/
8 silly fetchPackageMetaData chart.js@^2.7.3
9 silly fetchNamedPackageData chart.js
10 silly mapToRegistry name chart.js
11 silly mapToRegistry using default registry
12 silly mapToRegistry registry https://registry.npmjs.org/
13 silly mapToRegistry uri https://registry.npmjs.org/chart.js
14 silly fetchOtherPackageData /var/www/html/moodle35/blocks/edwiser_server_monitor/
15 silly cache add args [ '/var/www/html/moodle35/blocks/edwiser_server_monitor/',
15 silly cache add   null ]
16 verbose cache add spec /var/www/html/moodle35/blocks/edwiser_server_monitor/
17 silly cache add parsed spec Result {
17 silly cache add   raw: '/var/www/html/moodle35/blocks/edwiser_server_monitor/',
17 silly cache add   scope: null,
17 silly cache add   name: null,
17 silly cache add   rawSpec: '/var/www/html/moodle35/blocks/edwiser_server_monitor/',
17 silly cache add   spec: '/var/www/html/moodle35/blocks/edwiser_server_monitor',
17 silly cache add   type: 'local' }
18 verbose request uri https://registry.npmjs.org/chart.js
19 verbose request no auth needed
20 info attempt registry request try #1 at 4:20:35 PM
21 verbose request id bbe78d47c8f00285
22 verbose etag W/"4f17bfe542ed7dddf889ac11b9ebd31d"
23 verbose lastModified Mon, 15 Oct 2018 17:21:28 GMT
24 http request GET https://registry.npmjs.org/chart.js
25 error addLocal Could not install /var/www/html/moodle35/blocks/edwiser_server_monitor
26 silly fetchPackageMetaData Error: EISDIR: illegal operation on a directory, read
26 silly fetchPackageMetaData  error for /var/www/html/moodle35/blocks/edwiser_server_monitor/ { Error: EISDIR: illegal operation on a directory, read errno: -21, code: 'EISDIR', syscall: 'read' }
27 http 304 https://registry.npmjs.org/chart.js
28 verbose headers { date: 'Wed, 19 Dec 2018 10:51:20 GMT',
28 verbose headers   connection: 'keep-alive',
28 verbose headers   'set-cookie':
28 verbose headers    [ '__cfduid=d5bc6232c349a574e50bc2383eaa1b3261545216680; expires=Thu, 19-Dec-19 10:51:20 GMT; path=/; domain=.registry.npmjs.org; HttpOnly' ],
28 verbose headers   'cf-cache-status': 'HIT',
28 verbose headers   'cache-control': 'max-age=300',
28 verbose headers   'cf-ray': '48b9503adb788a8b-BOM',
28 verbose headers   etag: '"4f17bfe542ed7dddf889ac11b9ebd31d"',
28 verbose headers   'expect-ct': 'max-age=604800, report-uri="https://report-uri.cloudflare.com/cdn-cgi/beacon/expect-ct"',
28 verbose headers   'last-modified': 'Mon, 15 Oct 2018 17:21:28 GMT',
28 verbose headers   vary: 'accept-encoding, accept',
28 verbose headers   'x-amz-meta-rev': '105-e6a5529598d95996ce4a0d85e8d52f5e',
28 verbose headers   server: 'cloudflare' }
29 silly get cb [ 304,
29 silly get   { date: 'Wed, 19 Dec 2018 10:51:20 GMT',
29 silly get     connection: 'keep-alive',
29 silly get     'set-cookie':
29 silly get      [ '__cfduid=d5bc6232c349a574e50bc2383eaa1b3261545216680; expires=Thu, 19-Dec-19 10:51:20 GMT; path=/; domain=.registry.npmjs.org; HttpOnly' ],
29 silly get     'cf-cache-status': 'HIT',
29 silly get     'cache-control': 'max-age=300',
29 silly get     'cf-ray': '48b9503adb788a8b-BOM',
29 silly get     etag: '"4f17bfe542ed7dddf889ac11b9ebd31d"',
29 silly get     'expect-ct': 'max-age=604800, report-uri="https://report-uri.cloudflare.com/cdn-cgi/beacon/expect-ct"',
29 silly get     'last-modified': 'Mon, 15 Oct 2018 17:21:28 GMT',
29 silly get     vary: 'accept-encoding, accept',
29 silly get     'x-amz-meta-rev': '105-e6a5529598d95996ce4a0d85e8d52f5e',
29 silly get     server: 'cloudflare' } ]
30 verbose etag https://registry.npmjs.org/chart.js from cache
31 verbose get saving chart.js to /home/yogesh/.npm/registry.npmjs.org/chart.js/.cache.json
32 silly rollbackFailedOptional Starting
33 silly rollbackFailedOptional Finishing
34 silly runTopLevelLifecycles Starting
35 silly runTopLevelLifecycles Finishing
36 silly install printInstalled
37 verbose stack Error: EISDIR: illegal operation on a directory, read
38 verbose cwd /var/www/html/moodle35/blocks/edwiser_server_monitor
39 error Linux 4.15.0-42-generic
40 error argv "/usr/bin/node" "/usr/bin/npm" "install" "/var/www/html/moodle35/blocks/edwiser_server_monitor/" "chart.js"
41 error node v8.10.0
42 error npm  v3.5.2
43 error code EISDIR
44 error errno -21
45 error syscall read
46 error eisdir EISDIR: illegal operation on a directory, read
47 error eisdir This is most likely not a problem with npm itself
47 error eisdir and is related to npm not being able to find a package.json in
47 error eisdir a package you are trying to install.
48 verbose exit [ -21, true ]
